<?xml version="1.0" encoding="UTF-8"?>
<testsuite name="ru.stqa.pft.sanbox.PrimeTests" tests="2" skipped="0" failures="0" errors="0" timestamp="2019-07-25T00:14:32" hostname="MSI" time="0.004">
  <properties/>
  <testcase name="testNonPrime" classname="ru.stqa.pft.sanbox.PrimeTests" time="0.002"/>
  <testcase name="testPrime" classname="ru.stqa.pft.sanbox.PrimeTests" time="0.001"/>
  <system-out><![CDATA[]]></system-out>
  <system-err><![CDATA[]]></system-err>
</testsuite>
