<?xml version="1.0" encoding="UTF-8"?>
<testsuite name="ru.stqa.pft.sandbox.PointTests" tests="1" skipped="0" failures="0" errors="0" timestamp="2019-07-25T12:47:41" hostname="MSI" time="0.001">
  <properties/>
  <testcase name="testArea" classname="ru.stqa.pft.sandbox.PointTests" time="0.001"/>
  <system-out><![CDATA[]]></system-out>
  <system-err><![CDATA[]]></system-err>
</testsuite>
