<?xml version="1.0" encoding="UTF-8"?>
<testsuite name="ru.stqa.pft.sandbox.PrimeTests" tests="2" skipped="0" failures="0" errors="0" timestamp="2019-07-25T12:43:40" hostname="MSI" time="0.003">
  <properties/>
  <testcase name="testNonPrime" classname="ru.stqa.pft.sandbox.PrimeTests" time="0.001"/>
  <testcase name="testPrime" classname="ru.stqa.pft.sandbox.PrimeTests" time="0.001"/>
  <system-out><![CDATA[]]></system-out>
  <system-err><![CDATA[]]></system-err>
</testsuite>
