<?xml version="1.0" encoding="UTF-8"?>
<testsuite name="ru.stqa.pft.sanbox.EquationTests" tests="6" skipped="0" failures="0" errors="0" timestamp="2019-07-25T00:12:23" hostname="MSI" time="0.009">
  <properties/>
  <testcase name="test0" classname="ru.stqa.pft.sanbox.EquationTests" time="0.007"/>
  <testcase name="test1" classname="ru.stqa.pft.sanbox.EquationTests" time="0.0"/>
  <testcase name="test2" classname="ru.stqa.pft.sanbox.EquationTests" time="0.0"/>
  <testcase name="testConstant" classname="ru.stqa.pft.sanbox.EquationTests" time="0.0"/>
  <testcase name="testLinear" classname="ru.stqa.pft.sanbox.EquationTests" time="0.0"/>
  <testcase name="testZero" classname="ru.stqa.pft.sanbox.EquationTests" time="0.0"/>
  <system-out><![CDATA[]]></system-out>
  <system-err><![CDATA[]]></system-err>
</testsuite>
